2025-07-08 09:52:52,356 - auth_db - INFO - Database error: bcrypt: no backends available -- recommend you install one (e.g. 'pip install bcrypt')
2025-07-08 09:53:35,454 - auth_db - INFO - User registered successfully with this email testuser@gmail.com
2025-07-08 09:54:55,315 - auth_db - INFO - Email 'testuser@gmail.com' already registered
2025-07-08 09:55:59,834 - auth_db - INFO - Email 'testuser@gmail.com' already registered
2025-07-08 09:55:59,845 - auth_db - INFO - Database error: 'password_hash'
2025-07-08 09:58:42,602 - auth_db - INFO - Email 'testuser@gmail.com' already registered
2025-07-08 09:58:42,971 - auth_db - INFO - User login successfuly with this email testuser@gmail.com
2025-07-08 12:33:47,280 - auth_db - INFO - User registered successfully with this email mikey@gmail.com
2025-07-08 12:35:12,382 - auth_db - INFO - User login successfuly with this email mikey@gmail.com
2025-07-08 12:35:20,131 - auth_db - INFO - Email mikesy@gmail.com not found
2025-07-08 12:35:32,235 - auth_db - INFO - Incorrect password enter by this email mikey@gmail.com
2025-07-08 12:35:37,481 - auth_db - INFO - User login successfuly with this email mikey@gmail.com
2025-07-08 12:57:38,585 - auth_db - INFO - User login successfuly with this email mikey@gmail.com
2025-07-08 12:57:42,374 - auth_db - INFO - User login successfuly with this email mikey@gmail.com
2025-07-08 12:58:01,930 - auth_db - INFO - User login successfuly with this email mikey@gmail.com
2025-07-08 12:59:21,978 - auth_db - INFO - User login successfuly with this email mikey@gmail.com
2025-07-08 15:15:45,592 - auth_db - INFO - User login successfuly with this email mikey@gmail.com
2025-07-08 15:49:15,108 - auth_db - INFO - User registered successfully with this email bilal@gmail.com
2025-07-08 15:49:15,140 - auth_db - INFO - Database error: 1062 (23000): Duplicate entry 'bilal' for key 'users.username'
2025-07-08 15:49:15,496 - auth_db - INFO - User login successfuly with this email bilal@gmail.com
2025-07-08 15:49:20,174 - auth_db - INFO - User login successfuly with this email bilal@gmail.com
2025-07-08 15:51:17,874 - auth_db - INFO - User registered successfully with this email hamza@gmail.com
2025-07-08 15:51:18,216 - auth_db - INFO - User login successfuly with this email hamza@gmail.com
2025-07-08 15:52:38,963 - auth_db - INFO - User registered successfully with this email takimichi@gmail.com
2025-07-08 15:52:39,321 - auth_db - INFO - User login successfuly with this email takimichi@gmail.com
2025-07-09 09:29:36,550 - auth_db - INFO - User registered successfully with this email draken@gmail.com
2025-07-09 09:29:36,915 - auth_db - INFO - User login successfuly with this email draken@gmail.com
